<?xml version="1.0" encoding="UTF-8"?>
<!-- Generated by org.testng.reporters.JUnitXMLReporter -->
<testsuite hostname="DDC5-L-G01L1S3" ignored="0" name="BankingApp Test" tests="4" failures="3" timestamp="09 Jan 2020 09:58:26 GMT" time="69.132" errors="0">
  <testcase name="loginTestDTT" time="19.842" classname="com.hybridframework.testCases.TC_LoginDDT_01"/>
  <testcase name="loginTestDTT" time="7.009" classname="com.hybridframework.testCases.TC_LoginDDT_01">
    <failure type="java.lang.AssertionError" message="expected [true] but found [false]">
      <![CDATA[java.lang.AssertionError: expected [true] but found [false]
at com.hybridframework.testCases.TC_LoginDDT_01.loginTestDTT(TC_LoginDDT_01.java:30)
... Removed 29 stack frames]]>
    </failure>
  </testcase> <!-- loginTestDTT -->
  <testcase name="loginTestDTT" time="10.934" classname="com.hybridframework.testCases.TC_LoginDDT_01">
    <failure type="java.lang.AssertionError" message="expected [true] but found [false]">
      <![CDATA[java.lang.AssertionError: expected [true] but found [false]
at com.hybridframework.testCases.TC_LoginDDT_01.loginTestDTT(TC_LoginDDT_01.java:30)
... Removed 29 stack frames]]>
    </failure>
  </testcase> <!-- loginTestDTT -->
  <testcase name="loginTestDTT" time="9.201" classname="com.hybridframework.testCases.TC_LoginDDT_01">
    <failure type="java.lang.AssertionError" message="expected [true] but found [false]">
      <![CDATA[java.lang.AssertionError: expected [true] but found [false]
at com.hybridframework.testCases.TC_LoginDDT_01.loginTestDTT(TC_LoginDDT_01.java:30)
... Removed 29 stack frames]]>
    </failure>
  </testcase> <!-- loginTestDTT -->
</testsuite> <!-- BankingApp Test -->
