<?xml version="1.0" encoding="UTF-8"?>
<!-- Generated by org.testng.reporters.JUnitXMLReporter -->
<testsuite hostname="DDC5-L-G01L1S3" ignored="0" name="BankingApp Test" tests="4" failures="0" timestamp="13 Jan 2020 04:09:59 GMT" time="95.81" errors="0">
  <testcase name="loginTestDTT" time="34.235" classname="com.hybridframework.testCases.TC_LoginDDT_01"/>
  <testcase name="loginTestDTT" time="11.318" classname="com.hybridframework.testCases.TC_LoginDDT_01"/>
  <testcase name="loginTestDTT" time="16.974" classname="com.hybridframework.testCases.TC_LoginDDT_01"/>
  <testcase name="loginTestDTT" time="14.135" classname="com.hybridframework.testCases.TC_LoginDDT_01"/>
</testsuite> <!-- BankingApp Test -->
